[10:10:41] [Client thread/INFO]: Setting user: Player570
[10:10:44] [Client thread/WARN]: Skipping bad option: lastServer:
[10:10:44] [Client thread/INFO]: LWJGL Version: 2.9.2
[10:10:45] [Client thread/INFO]: Reloading ResourceManager: Default
[10:10:45] [Client thread/WARN]: Missing sound for event: minecraft:ambient.cave
[10:10:45] [Client thread/WARN]: Missing sound for event: minecraft:block.anvil.break
[10:10:45] [Client thread/WARN]: Missing sound for event: minecraft:block.anvil.destroy
[10:10:45] [Client thread/WARN]: Missing sound for event: minecraft:block.anvil.fall
[10:10:45] [Client thread/WARN]: Missing sound for event: minecraft:block.anvil.hit
[10:10:45] [Client thread/WARN]: Missing sound for event: minecraft:block.anvil.land
[10:10:45] [Client thread/WARN]: Missing sound for event: minecraft:block.anvil.place
[10:10:45] [Client thread/WARN]: Missing sound for event: minecraft:block.anvil.step
[10:10:45] [Client thread/WARN]: Missing sound for event: minecraft:block.anvil.use
[10:10:45] [Client thread/WARN]: Missing sound for event: minecraft:block.brewing_stand.brew
[10:10:45] [Client thread/WARN]: Missing sound for event: minecraft:block.chest.close
[10:10:45] [Client thread/WARN]: Missing sound for event: minecraft:block.chest.locked
[10:10:45] [Client thread/WARN]: Missing sound for event: minecraft:block.chest.open
[10:10:45] [Client thread/WARN]: Missing sound for event: minecraft:block.chorus_flower.death
[10:10:45] [Client thread/WARN]: Missing sound for event: minecraft:block.chorus_flower.grow
[10:10:45] [Client thread/WARN]: Missing sound for event: minecraft:block.cloth.break
[10:10:45] [Client thread/WARN]: Missing sound for event: minecraft:block.cloth.fall
[10:10:45] [Client thread/WARN]: Missing sound for event: minecraft:block.cloth.hit
[10:10:45] [Client thread/WARN]: Missing sound for event: minecraft:block.cloth.place
[10:10:45] [Client thread/WARN]: Missing sound for event: minecraft:block.cloth.step
[10:10:45] [Client thread/WARN]: Missing sound for event: minecraft:block.comparator.click
[10:10:45] [Client thread/WARN]: Missing sound for event: minecraft:block.dispenser.dispense
[10:10:45] [Client thread/WARN]: Missing sound for event: minecraft:block.dispenser.fail
[10:10:45] [Client thread/WARN]: Missing sound for event: minecraft:block.dispenser.launch
[10:10:45] [Client thread/WARN]: Missing sound for event: minecraft:block.enchantment_table.use
[10:10:45] [Client thread/WARN]: Missing sound for event: minecraft:block.end_gateway.spawn
[10:10:45] [Client thread/WARN]: Missing sound for event: minecraft:block.enderchest.close
[10:10:45] [Client thread/WARN]: Missing sound for event: minecraft:block.enderchest.open
[10:10:45] [Client thread/WARN]: Missing sound for event: minecraft:block.fence_gate.close
[10:10:45] [Client thread/WARN]: Missing sound for event: minecraft:block.fence_gate.open
[10:10:45] [Client thread/WARN]: Missing sound for event: minecraft:block.fire.ambient
[10:10:45] [Client thread/WARN]: Missing sound for event: minecraft:block.fire.extinguish
[10:10:45] [Client thread/WARN]: Missing sound for event: minecraft:block.furnace.fire_crackle
[10:10:45] [Client thread/WARN]: Missing sound for event: minecraft:block.glass.break
[10:10:45] [Client thread/WARN]: Missing sound for event: minecraft:block.glass.fall
[10:10:45] [Client thread/WARN]: Missing sound for event: minecraft:block.glass.hit
[10:10:45] [Client thread/WARN]: Missing sound for event: minecraft:block.glass.place
[10:10:45] [Client thread/WARN]: Missing sound for event: minecraft:block.glass.step
[10:10:45] [Client thread/WARN]: Missing sound for event: minecraft:block.grass.break
[10:10:45] [Client thread/WARN]: Missing sound for event: minecraft:block.grass.fall
[10:10:45] [Client thread/WARN]: Missing sound for event: minecraft:block.grass.hit
[10:10:45] [Client thread/WARN]: Missing sound for event: minecraft:block.grass.place
[10:10:45] [Client thread/WARN]: Missing sound for event: minecraft:block.grass.step
[10:10:45] [Client thread/WARN]: Missing sound for event: minecraft:block.gravel.break
[10:10:45] [Client thread/WARN]: Missing sound for event: minecraft:block.gravel.fall
[10:10:45] [Client thread/WARN]: Missing sound for event: minecraft:block.gravel.hit
[10:10:45] [Client thread/WARN]: Missing sound for event: minecraft:block.gravel.place
[10:10:45] [Client thread/WARN]: Missing sound for event: minecraft:block.gravel.step
[10:10:45] [Client thread/WARN]: Missing sound for event: minecraft:block.iron_door.close
[10:10:45] [Client thread/WARN]: Missing sound for event: minecraft:block.iron_door.open
[10:10:45] [Client thread/WARN]: Missing sound for event: minecraft:block.iron_trapdoor.close
[10:10:45] [Client thread/WARN]: Missing sound for event: minecraft:block.iron_trapdoor.open
[10:10:45] [Client thread/WARN]: Missing sound for event: minecraft:block.ladder.break
[10:10:45] [Client thread/WARN]: Missing sound for event: minecraft:block.ladder.fall
[10:10:45] [Client thread/WARN]: Missing sound for event: minecraft:block.ladder.hit
[10:10:45] [Client thread/WARN]: Missing sound for event: minecraft:block.ladder.place
[10:10:45] [Client thread/WARN]: Missing sound for event: minecraft:block.ladder.step
[10:10:45] [Client thread/WARN]: Missing sound for event: minecraft:block.lava.ambient
[10:10:45] [Client thread/WARN]: Missing sound for event: minecraft:block.lava.extinguish
[10:10:45] [Client thread/WARN]: Missing sound for event: minecraft:block.lava.pop
[10:10:45] [Client thread/WARN]: Missing sound for event: minecraft:block.lever.click
[10:10:45] [Client thread/WARN]: Missing sound for event: minecraft:block.metal.break
[10:10:45] [Client thread/WARN]: Missing sound for event: minecraft:block.metal.fall
[10:10:45] [Client thread/WARN]: Missing sound for event: minecraft:block.metal.hit
[10:10:45] [Client thread/WARN]: Missing sound for event: minecraft:block.metal.place
[10:10:45] [Client thread/WARN]: Missing sound for event: minecraft:block.metal.step
[10:10:45] [Client thread/WARN]: Missing sound for event: minecraft:block.metal_pressureplate.click_off
[10:10:45] [Client thread/WARN]: Missing sound for event: minecraft:block.metal_pressureplate.click_on
[10:10:45] [Client thread/WARN]: Missing sound for event: minecraft:block.note.basedrum
[10:10:45] [Client thread/WARN]: Missing sound for event: minecraft:block.note.bass
[10:10:45] [Client thread/WARN]: Missing sound for event: minecraft:block.note.harp
[10:10:45] [Client thread/WARN]: Missing sound for event: minecraft:block.note.hat
[10:10:45] [Client thread/WARN]: Missing sound for event: minecraft:block.note.pling
[10:10:45] [Client thread/WARN]: Missing sound for event: minecraft:block.note.snare
[10:10:45] [Client thread/WARN]: Missing sound for event: minecraft:block.piston.contract
[10:10:45] [Client thread/WARN]: Missing sound for event: minecraft:block.piston.extend
[10:10:45] [Client thread/WARN]: Missing sound for event: minecraft:block.portal.ambient
[10:10:45] [Client thread/WARN]: Missing sound for event: minecraft:block.portal.travel
[10:10:45] [Client thread/WARN]: Missing sound for event: minecraft:block.portal.trigger
[10:10:45] [Client thread/WARN]: Missing sound for event: minecraft:block.redstone_torch.burnout
[10:10:45] [Client thread/WARN]: Missing sound for event: minecraft:block.sand.break
[10:10:45] [Client thread/WARN]: Missing sound for event: minecraft:block.sand.fall
[10:10:45] [Client thread/WARN]: Missing sound for event: minecraft:block.sand.hit
[10:10:45] [Client thread/WARN]: Missing sound for event: minecraft:block.sand.place
[10:10:45] [Client thread/WARN]: Missing sound for event: minecraft:block.sand.step
[10:10:45] [Client thread/WARN]: Missing sound for event: minecraft:block.slime.break
[10:10:45] [Client thread/WARN]: Missing sound for event: minecraft:block.slime.fall
[10:10:45] [Client thread/WARN]: Missing sound for event: minecraft:block.slime.hit
[10:10:45] [Client thread/WARN]: Missing sound for event: minecraft:block.slime.place
[10:10:45] [Client thread/WARN]: Missing sound for event: minecraft:block.slime.step
[10:10:45] [Client thread/WARN]: Missing sound for event: minecraft:block.snow.break
[10:10:45] [Client thread/WARN]: Missing sound for event: minecraft:block.snow.fall
[10:10:45] [Client thread/WARN]: Missing sound for event: minecraft:block.snow.hit
[10:10:45] [Client thread/WARN]: Missing sound for event: minecraft:block.snow.place
[10:10:45] [Client thread/WARN]: Missing sound for event: minecraft:block.snow.step
[10:10:45] [Client thread/WARN]: Missing sound for event: minecraft:block.stone.break
[10:10:45] [Client thread/WARN]: Missing sound for event: minecraft:block.stone.fall
[10:10:45] [Client thread/WARN]: Missing sound for event: minecraft:block.stone.hit
[10:10:45] [Client thread/WARN]: Missing sound for event: minecraft:block.stone.place
[10:10:45] [Client thread/WARN]: Missing sound for event: minecraft:block.stone.step
[10:10:45] [Client thread/WARN]: Missing sound for event: minecraft:block.stone_button.click_off
[10:10:45] [Client thread/WARN]: Missing sound for event: minecraft:block.stone_button.click_on
[10:10:45] [Client thread/WARN]: Missing sound for event: minecraft:block.stone_pressureplate.click_off
[10:10:45] [Client thread/WARN]: Missing sound for event: minecraft:block.stone_pressureplate.click_on
[10:10:45] [Client thread/WARN]: Missing sound for event: minecraft:block.tripwire.attach
[10:10:45] [Client thread/WARN]: Missing sound for event: minecraft:block.tripwire.click_off
[10:10:45] [Client thread/WARN]: Missing sound for event: minecraft:block.tripwire.click_on
[10:10:45] [Client thread/WARN]: Missing sound for event: minecraft:block.tripwire.detach
[10:10:45] [Client thread/WARN]: Missing sound for event: minecraft:block.water.ambient
[10:10:45] [Client thread/WARN]: Missing sound for event: minecraft:block.waterlily.place
[10:10:45] [Client thread/WARN]: Missing sound for event: minecraft:block.wood.break
[10:10:45] [Client thread/WARN]: Missing sound for event: minecraft:block.wood.fall
[10:10:45] [Client thread/WARN]: Missing sound for event: minecraft:block.wood.hit
[10:10:45] [Client thread/WARN]: Missing sound for event: minecraft:block.wood.place
[10:10:45] [Client thread/WARN]: Missing sound for event: minecraft:block.wood.step
[10:10:45] [Client thread/WARN]: Missing sound for event: minecraft:block.wood_button.click_off
[10:10:45] [Client thread/WARN]: Missing sound for event: minecraft:block.wood_button.click_on
[10:10:45] [Client thread/WARN]: Missing sound for event: minecraft:block.wood_pressureplate.click_off
[10:10:45] [Client thread/WARN]: Missing sound for event: minecraft:block.wood_pressureplate.click_on
[10:10:45] [Client thread/WARN]: Missing sound for event: minecraft:block.wooden_door.close
[10:10:45] [Client thread/WARN]: Missing sound for event: minecraft:block.wooden_door.open
[10:10:45] [Client thread/WARN]: Missing sound for event: minecraft:block.wooden_trapdoor.close
[10:10:45] [Client thread/WARN]: Missing sound for event: minecraft:block.wooden_trapdoor.open
[10:10:45] [Client thread/WARN]: Missing sound for event: minecraft:enchant.thorns.hit
[10:10:45] [Client thread/WARN]: Missing sound for event: minecraft:entity.armorstand.break
[10:10:45] [Client thread/WARN]: Missing sound for event: minecraft:entity.armorstand.fall
[10:10:45] [Client thread/WARN]: Missing sound for event: minecraft:entity.armorstand.hit
[10:10:45] [Client thread/WARN]: Missing sound for event: minecraft:entity.armorstand.place
[10:10:45] [Client thread/WARN]: Missing sound for event: minecraft:entity.arrow.hit
[10:10:45] [Client thread/WARN]: Missing sound for event: minecraft:entity.arrow.hit_player
[10:10:45] [Client thread/WARN]: Missing sound for event: minecraft:entity.arrow.shoot
[10:10:45] [Client thread/WARN]: Missing sound for event: minecraft:entity.bat.ambient
[10:10:45] [Client thread/WARN]: Missing sound for event: minecraft:entity.bat.death
[10:10:45] [Client thread/WARN]: Missing sound for event: minecraft:entity.bat.hurt
[10:10:45] [Client thread/WARN]: Missing sound for event: minecraft:entity.bat.loop
[10:10:45] [Client thread/WARN]: Missing sound for event: minecraft:entity.bat.takeoff
[10:10:45] [Client thread/WARN]: Missing sound for event: minecraft:entity.blaze.ambient
[10:10:45] [Client thread/WARN]: Missing sound for event: minecraft:entity.blaze.burn
[10:10:45] [Client thread/WARN]: Missing sound for event: minecraft:entity.blaze.death
[10:10:45] [Client thread/WARN]: Missing sound for event: minecraft:entity.blaze.hurt
[10:10:45] [Client thread/WARN]: Missing sound for event: minecraft:entity.blaze.shoot
[10:10:45] [Client thread/WARN]: Missing sound for event: minecraft:entity.bobber.splash
[10:10:45] [Client thread/WARN]: Missing sound for event: minecraft:entity.bobber.throw
[10:10:45] [Client thread/WARN]: Missing sound for event: minecraft:entity.cat.ambient
[10:10:45] [Client thread/WARN]: Missing sound for event: minecraft:entity.cat.death
[10:10:45] [Client thread/WARN]: Missing sound for event: minecraft:entity.cat.hiss
[10:10:45] [Client thread/WARN]: Missing sound for event: minecraft:entity.cat.hurt
[10:10:45] [Client thread/WARN]: Missing sound for event: minecraft:entity.cat.purr
[10:10:45] [Client thread/WARN]: Missing sound for event: minecraft:entity.cat.purreow
[10:10:45] [Client thread/WARN]: Missing sound for event: minecraft:entity.chicken.ambient
[10:10:45] [Client thread/WARN]: Missing sound for event: minecraft:entity.chicken.death
[10:10:45] [Client thread/WARN]: Missing sound for event: minecraft:entity.chicken.egg
[10:10:45] [Client thread/WARN]: Missing sound for event: minecraft:entity.chicken.hurt
[10:10:45] [Client thread/WARN]: Missing sound for event: minecraft:entity.chicken.step
[10:10:45] [Client thread/WARN]: Missing sound for event: minecraft:entity.cow.ambient
[10:10:45] [Client thread/WARN]: Missing sound for event: minecraft:entity.cow.death
[10:10:45] [Client thread/WARN]: Missing sound for event: minecraft:entity.cow.hurt
[10:10:45] [Client thread/WARN]: Missing sound for event: minecraft:entity.cow.milk
[10:10:45] [Client thread/WARN]: Missing sound for event: minecraft:entity.cow.step
[10:10:45] [Client thread/WARN]: Missing sound for event: minecraft:entity.creeper.death
[10:10:45] [Client thread/WARN]: Missing sound for event: minecraft:entity.creeper.hurt
[10:10:45] [Client thread/WARN]: Missing sound for event: minecraft:entity.creeper.primed
[10:10:45] [Client thread/WARN]: Missing sound for event: minecraft:entity.donkey.ambient
[10:10:45] [Client thread/WARN]: Missing sound for event: minecraft:entity.donkey.angry
[10:10:45] [Client thread/WARN]: Missing sound for event: minecraft:entity.donkey.chest
[10:10:45] [Client thread/WARN]: Missing sound for event: minecraft:entity.donkey.death
[10:10:45] [Client thread/WARN]: Missing sound for event: minecraft:entity.donkey.hurt
[10:10:45] [Client thread/WARN]: Missing sound for event: minecraft:entity.egg.throw
[10:10:45] [Client thread/WARN]: Missing sound for event: minecraft:entity.elder_guardian.ambient
[10:10:45] [Client thread/WARN]: Missing sound for event: minecraft:entity.elder_guardian.ambient_land
[10:10:45] [Client thread/WARN]: Missing sound for event: minecraft:entity.elder_guardian.curse
[10:10:45] [Client thread/WARN]: Missing sound for event: minecraft:entity.elder_guardian.death
[10:10:45] [Client thread/WARN]: Missing sound for event: minecraft:entity.elder_guardian.death_land
[10:10:45] [Client thread/WARN]: Missing sound for event: minecraft:entity.elder_guardian.hurt
[10:10:45] [Client thread/WARN]: Missing sound for event: minecraft:entity.elder_guardian.hurt_land
[10:10:45] [Client thread/WARN]: Missing sound for event: minecraft:entity.enderdragon.ambient
[10:10:45] [Client thread/WARN]: Missing sound for event: minecraft:entity.enderdragon.death
[10:10:45] [Client thread/WARN]: Missing sound for event: minecraft:entity.enderdragon.flap
[10:10:45] [Client thread/WARN]: Missing sound for event: minecraft:entity.enderdragon.growl
[10:10:45] [Client thread/WARN]: Missing sound for event: minecraft:entity.enderdragon.hurt
[10:10:45] [Client thread/WARN]: Missing sound for event: minecraft:entity.enderdragon.shoot
[10:10:45] [Client thread/WARN]: Missing sound for event: minecraft:entity.enderdragon_fireball.explode
[10:10:45] [Client thread/WARN]: Missing sound for event: minecraft:entity.endereye.launch
[10:10:45] [Client thread/WARN]: Missing sound for event: minecraft:entity.endermen.ambient
[10:10:45] [Client thread/WARN]: Missing sound for event: minecraft:entity.endermen.death
[10:10:45] [Client thread/WARN]: Missing sound for event: minecraft:entity.endermen.hurt
[10:10:45] [Client thread/WARN]: Missing sound for event: minecraft:entity.endermen.scream
[10:10:45] [Client thread/WARN]: Missing sound for event: minecraft:entity.endermen.stare
[10:10:45] [Client thread/WARN]: Missing sound for event: minecraft:entity.endermen.teleport
[10:10:45] [Client thread/WARN]: Missing sound for event: minecraft:entity.endermite.ambient
[10:10:45] [Client thread/WARN]: Missing sound for event: minecraft:entity.endermite.death
[10:10:45] [Client thread/WARN]: Missing sound for event: minecraft:entity.endermite.hurt
[10:10:45] [Client thread/WARN]: Missing sound for event: minecraft:entity.endermite.step
[10:10:45] [Client thread/WARN]: Missing sound for event: minecraft:entity.enderpearl.throw
[10:10:45] [Client thread/WARN]: Missing sound for event: minecraft:entity.experience_bottle.throw
[10:10:45] [Client thread/WARN]: Missing sound for event: minecraft:entity.experience_orb.pickup
[10:10:45] [Client thread/WARN]: Missing sound for event: minecraft:entity.experience_orb.touch
[10:10:45] [Client thread/WARN]: Missing sound for event: minecraft:entity.firework.blast
[10:10:45] [Client thread/WARN]: Missing sound for event: minecraft:entity.firework.blast_far
[10:10:45] [Client thread/WARN]: Missing sound for event: minecraft:entity.firework.large_blast
[10:10:45] [Client thread/WARN]: Missing sound for event: minecraft:entity.firework.large_blast_far
[10:10:45] [Client thread/WARN]: Missing sound for event: minecraft:entity.firework.launch
[10:10:45] [Client thread/WARN]: Missing sound for event: minecraft:entity.firework.shoot
[10:10:45] [Client thread/WARN]: Missing sound for event: minecraft:entity.firework.twinkle
[10:10:45] [Client thread/WARN]: Missing sound for event: minecraft:entity.firework.twinkle_far
[10:10:45] [Client thread/WARN]: Missing sound for event: minecraft:entity.generic.big_fall
[10:10:45] [Client thread/WARN]: Missing sound for event: minecraft:entity.generic.burn
[10:10:45] [Client thread/WARN]: Missing sound for event: minecraft:entity.generic.death
[10:10:45] [Client thread/WARN]: Missing sound for event: minecraft:entity.generic.drink
[10:10:45] [Client thread/WARN]: Missing sound for event: minecraft:entity.generic.eat
[10:10:45] [Client thread/WARN]: Missing sound for event: minecraft:entity.generic.explode
[10:10:45] [Client thread/WARN]: Missing sound for event: minecraft:entity.generic.extinguish_fire
[10:10:45] [Client thread/WARN]: Missing sound for event: minecraft:entity.generic.hurt
[10:10:45] [Client thread/WARN]: Missing sound for event: minecraft:entity.generic.small_fall
[10:10:45] [Client thread/WARN]: Missing sound for event: minecraft:entity.generic.splash
[10:10:45] [Client thread/WARN]: Missing sound for event: minecraft:entity.generic.swim
[10:10:45] [Client thread/WARN]: Missing sound for event: minecraft:entity.ghast.ambient
[10:10:45] [Client thread/WARN]: Missing sound for event: minecraft:entity.ghast.death
[10:10:45] [Client thread/WARN]: Missing sound for event: minecraft:entity.ghast.hurt
[10:10:45] [Client thread/WARN]: Missing sound for event: minecraft:entity.ghast.scream
[10:10:45] [Client thread/WARN]: Missing sound for event: minecraft:entity.ghast.shoot
[10:10:45] [Client thread/WARN]: Missing sound for event: minecraft:entity.ghast.warn
[10:10:45] [Client thread/WARN]: Missing sound for event: minecraft:entity.guardian.ambient
[10:10:45] [Client thread/WARN]: Missing sound for event: minecraft:entity.guardian.ambient_land
[10:10:45] [Client thread/WARN]: Missing sound for event: minecraft:entity.guardian.attack
[10:10:45] [Client thread/WARN]: Missing sound for event: minecraft:entity.guardian.death
[10:10:45] [Client thread/WARN]: Missing sound for event: minecraft:entity.guardian.death_land
[10:10:45] [Client thread/WARN]: Missing sound for event: minecraft:entity.guardian.flop
[10:10:45] [Client thread/WARN]: Missing sound for event: minecraft:entity.guardian.hurt
[10:10:45] [Client thread/WARN]: Missing sound for event: minecraft:entity.guardian.hurt_land
[10:10:45] [Client thread/WARN]: Missing sound for event: minecraft:entity.horse.ambient
[10:10:45] [Client thread/WARN]: Missing sound for event: minecraft:entity.horse.angry
[10:10:45] [Client thread/WARN]: Missing sound for event: minecraft:entity.horse.armor
[10:10:45] [Client thread/WARN]: Missing sound for event: minecraft:entity.horse.breathe
[10:10:45] [Client thread/WARN]: Missing sound for event: minecraft:entity.horse.death
[10:10:45] [Client thread/WARN]: Missing sound for event: minecraft:entity.horse.eat
[10:10:45] [Client thread/WARN]: Missing sound for event: minecraft:entity.horse.gallop
[10:10:45] [Client thread/WARN]: Missing sound for event: minecraft:entity.horse.hurt
[10:10:45] [Client thread/WARN]: Missing sound for event: minecraft:entity.horse.jump
[10:10:45] [Client thread/WARN]: Missing sound for event: minecraft:entity.horse.land
[10:10:45] [Client thread/WARN]: Missing sound for event: minecraft:entity.horse.saddle
[10:10:45] [Client thread/WARN]: Missing sound for event: minecraft:entity.horse.step
[10:10:45] [Client thread/WARN]: Missing sound for event: minecraft:entity.horse.step_wood
[10:10:45] [Client thread/WARN]: Missing sound for event: minecraft:entity.hostile.big_fall
[10:10:45] [Client thread/WARN]: Missing sound for event: minecraft:entity.hostile.death
[10:10:45] [Client thread/WARN]: Missing sound for event: minecraft:entity.hostile.hurt
[10:10:45] [Client thread/WARN]: Missing sound for event: minecraft:entity.hostile.small_fall
[10:10:45] [Client thread/WARN]: Missing sound for event: minecraft:entity.hostile.splash
[10:10:45] [Client thread/WARN]: Missing sound for event: minecraft:entity.hostile.swim
[10:10:45] [Client thread/WARN]: Missing sound for event: minecraft:entity.husk.ambient
[10:10:45] [Client thread/WARN]: Missing sound for event: minecraft:entity.husk.death
[10:10:45] [Client thread/WARN]: Missing sound for event: minecraft:entity.husk.hurt
[10:10:45] [Client thread/WARN]: Missing sound for event: minecraft:entity.husk.step
[10:10:45] [Client thread/WARN]: Missing sound for event: minecraft:entity.irongolem.attack
[10:10:45] [Client thread/WARN]: Missing sound for event: minecraft:entity.irongolem.death
[10:10:45] [Client thread/WARN]: Missing sound for event: minecraft:entity.irongolem.hurt
[10:10:45] [Client thread/WARN]: Missing sound for event: minecraft:entity.irongolem.step
[10:10:45] [Client thread/WARN]: Missing sound for event: minecraft:entity.item.break
[10:10:45] [Client thread/WARN]: Missing sound for event: minecraft:entity.item.pickup
[10:10:45] [Client thread/WARN]: Missing sound for event: minecraft:entity.itemframe.add_item
[10:10:45] [Client thread/WARN]: Missing sound for event: minecraft:entity.itemframe.break
[10:10:45] [Client thread/WARN]: Missing sound for event: minecraft:entity.itemframe.place
[10:10:45] [Client thread/WARN]: Missing sound for event: minecraft:entity.itemframe.remove_item
[10:10:45] [Client thread/WARN]: Missing sound for event: minecraft:entity.itemframe.rotate_item
[10:10:45] [Client thread/WARN]: Missing sound for event: minecraft:entity.leashknot.break
[10:10:45] [Client thread/WARN]: Missing sound for event: minecraft:entity.leashknot.place
[10:10:45] [Client thread/WARN]: Missing sound for event: minecraft:entity.lightning.impact
[10:10:45] [Client thread/WARN]: Missing sound for event: minecraft:entity.lightning.thunder
[10:10:45] [Client thread/WARN]: Missing sound for event: minecraft:entity.lingeringpotion.throw
[10:10:45] [Client thread/WARN]: Missing sound for event: minecraft:entity.magmacube.death
[10:10:45] [Client thread/WARN]: Missing sound for event: minecraft:entity.magmacube.hurt
[10:10:45] [Client thread/WARN]: Missing sound for event: minecraft:entity.magmacube.jump
[10:10:45] [Client thread/WARN]: Missing sound for event: minecraft:entity.magmacube.squish
[10:10:45] [Client thread/WARN]: Missing sound for event: minecraft:entity.minecart.inside
[10:10:45] [Client thread/WARN]: Missing sound for event: minecraft:entity.minecart.riding
[10:10:45] [Client thread/WARN]: Missing sound for event: minecraft:entity.mooshroom.shear
[10:10:45] [Client thread/WARN]: Missing sound for event: minecraft:entity.mule.ambient
[10:10:45] [Client thread/WARN]: Missing sound for event: minecraft:entity.mule.death
[10:10:45] [Client thread/WARN]: Missing sound for event: minecraft:entity.mule.hurt
[10:10:45] [Client thread/WARN]: Missing sound for event: minecraft:entity.painting.break
[10:10:45] [Client thread/WARN]: Missing sound for event: minecraft:entity.painting.place
[10:10:45] [Client thread/WARN]: Missing sound for event: minecraft:entity.pig.ambient
[10:10:45] [Client thread/WARN]: Missing sound for event: minecraft:entity.pig.death
[10:10:45] [Client thread/WARN]: Missing sound for event: minecraft:entity.pig.hurt
[10:10:45] [Client thread/WARN]: Missing sound for event: minecraft:entity.pig.saddle
[10:10:45] [Client thread/WARN]: Missing sound for event: minecraft:entity.pig.step
[10:10:45] [Client thread/WARN]: Missing sound for event: minecraft:entity.player.attack.crit
[10:10:45] [Client thread/WARN]: Missing sound for event: minecraft:entity.player.attack.knockback
[10:10:45] [Client thread/WARN]: Missing sound for event: minecraft:entity.player.attack.nodamage
[10:10:45] [Client thread/WARN]: Missing sound for event: minecraft:entity.player.attack.strong
[10:10:45] [Client thread/WARN]: Missing sound for event: minecraft:entity.player.attack.sweep
[10:10:45] [Client thread/WARN]: Missing sound for event: minecraft:entity.player.attack.weak
[10:10:45] [Client thread/WARN]: Missing sound for event: minecraft:entity.player.big_fall
[10:10:45] [Client thread/WARN]: Missing sound for event: minecraft:entity.player.breath
[10:10:45] [Client thread/WARN]: Missing sound for event: minecraft:entity.player.burp
[10:10:45] [Client thread/WARN]: Missing sound for event: minecraft:entity.player.death
[10:10:45] [Client thread/WARN]: Missing sound for event: minecraft:entity.player.hurt
[10:10:45] [Client thread/WARN]: Missing sound for event: minecraft:entity.player.levelup
[10:10:45] [Client thread/WARN]: Missing sound for event: minecraft:entity.player.small_fall
[10:10:45] [Client thread/WARN]: Missing sound for event: minecraft:entity.player.splash
[10:10:45] [Client thread/WARN]: Missing sound for event: minecraft:entity.player.swim
[10:10:45] [Client thread/WARN]: Missing sound for event: minecraft:entity.polar_bear.ambient
[10:10:45] [Client thread/WARN]: Missing sound for event: minecraft:entity.polar_bear.baby_ambient
[10:10:45] [Client thread/WARN]: Missing sound for event: minecraft:entity.polar_bear.death
[10:10:45] [Client thread/WARN]: Missing sound for event: minecraft:entity.polar_bear.hurt
[10:10:45] [Client thread/WARN]: Missing sound for event: minecraft:entity.polar_bear.step
[10:10:45] [Client thread/WARN]: Missing sound for event: minecraft:entity.polar_bear.warning
[10:10:45] [Client thread/WARN]: Missing sound for event: minecraft:entity.rabbit.ambient
[10:10:45] [Client thread/WARN]: Missing sound for event: minecraft:entity.rabbit.attack
[10:10:45] [Client thread/WARN]: Missing sound for event: minecraft:entity.rabbit.death
[10:10:45] [Client thread/WARN]: Missing sound for event: minecraft:entity.rabbit.hurt
[10:10:45] [Client thread/WARN]: Missing sound for event: minecraft:entity.rabbit.jump
[10:10:45] [Client thread/WARN]: Missing sound for event: minecraft:entity.sheep.ambient
[10:10:45] [Client thread/WARN]: Missing sound for event: minecraft:entity.sheep.death
[10:10:45] [Client thread/WARN]: Missing sound for event: minecraft:entity.sheep.hurt
[10:10:45] [Client thread/WARN]: Missing sound for event: minecraft:entity.sheep.shear
[10:10:45] [Client thread/WARN]: Missing sound for event: minecraft:entity.sheep.step
[10:10:45] [Client thread/WARN]: Missing sound for event: minecraft:entity.shulker.ambient
[10:10:45] [Client thread/WARN]: Missing sound for event: minecraft:entity.shulker.close
[10:10:45] [Client thread/WARN]: Missing sound for event: minecraft:entity.shulker.death
[10:10:45] [Client thread/WARN]: Missing sound for event: minecraft:entity.shulker.hurt
[10:10:45] [Client thread/WARN]: Missing sound for event: minecraft:entity.shulker.hurt_closed
[10:10:45] [Client thread/WARN]: Missing sound for event: minecraft:entity.shulker.open
[10:10:45] [Client thread/WARN]: Missing sound for event: minecraft:entity.shulker.shoot
[10:10:45] [Client thread/WARN]: Missing sound for event: minecraft:entity.shulker.teleport
[10:10:45] [Client thread/WARN]: Missing sound for event: minecraft:entity.shulker_bullet.hit
[10:10:45] [Client thread/WARN]: Missing sound for event: minecraft:entity.shulker_bullet.hurt
[10:10:45] [Client thread/WARN]: Missing sound for event: minecraft:entity.silverfish.ambient
[10:10:45] [Client thread/WARN]: Missing sound for event: minecraft:entity.silverfish.death
[10:10:45] [Client thread/WARN]: Missing sound for event: minecraft:entity.silverfish.hurt
[10:10:45] [Client thread/WARN]: Missing sound for event: minecraft:entity.silverfish.step
[10:10:45] [Client thread/WARN]: Missing sound for event: minecraft:entity.skeleton.ambient
[10:10:45] [Client thread/WARN]: Missing sound for event: minecraft:entity.skeleton.death
[10:10:45] [Client thread/WARN]: Missing sound for event: minecraft:entity.skeleton.hurt
[10:10:45] [Client thread/WARN]: Missing sound for event: minecraft:entity.skeleton.shoot
[10:10:45] [Client thread/WARN]: Missing sound for event: minecraft:entity.skeleton.step
[10:10:45] [Client thread/WARN]: Missing sound for event: minecraft:entity.skeleton_horse.ambient
[10:10:45] [Client thread/WARN]: Missing sound for event: minecraft:entity.skeleton_horse.death
[10:10:45] [Client thread/WARN]: Missing sound for event: minecraft:entity.skeleton_horse.hurt
[10:10:45] [Client thread/WARN]: Missing sound for event: minecraft:entity.slime.attack
[10:10:45] [Client thread/WARN]: Missing sound for event: minecraft:entity.slime.death
[10:10:45] [Client thread/WARN]: Missing sound for event: minecraft:entity.slime.hurt
[10:10:45] [Client thread/WARN]: Missing sound for event: minecraft:entity.slime.jump
[10:10:45] [Client thread/WARN]: Missing sound for event: minecraft:entity.slime.squish
[10:10:45] [Client thread/WARN]: Missing sound for event: minecraft:entity.small_magmacube.death
[10:10:45] [Client thread/WARN]: Missing sound for event: minecraft:entity.small_magmacube.hurt
[10:10:45] [Client thread/WARN]: Missing sound for event: minecraft:entity.small_magmacube.squish
[10:10:45] [Client thread/WARN]: Missing sound for event: minecraft:entity.small_slime.death
[10:10:45] [Client thread/WARN]: Missing sound for event: minecraft:entity.small_slime.hurt
[10:10:45] [Client thread/WARN]: Missing sound for event: minecraft:entity.small_slime.jump
[10:10:45] [Client thread/WARN]: Missing sound for event: minecraft:entity.small_slime.squish
[10:10:45] [Client thread/WARN]: Missing sound for event: minecraft:entity.snowball.throw
[10:10:45] [Client thread/WARN]: Missing sound for event: minecraft:entity.snowman.ambient
[10:10:45] [Client thread/WARN]: Missing sound for event: minecraft:entity.snowman.death
[10:10:45] [Client thread/WARN]: Missing sound for event: minecraft:entity.snowman.hurt
[10:10:45] [Client thread/WARN]: Missing sound for event: minecraft:entity.snowman.shoot
[10:10:45] [Client thread/WARN]: Missing sound for event: minecraft:entity.spider.ambient
[10:10:45] [Client thread/WARN]: Missing sound for event: minecraft:entity.spider.death
[10:10:45] [Client thread/WARN]: Missing sound for event: minecraft:entity.spider.hurt
[10:10:45] [Client thread/WARN]: Missing sound for event: minecraft:entity.spider.step
[10:10:45] [Client thread/WARN]: Missing sound for event: minecraft:entity.splash_potion.break
[10:10:45] [Client thread/WARN]: Missing sound for event: minecraft:entity.splash_potion.throw
[10:10:45] [Client thread/WARN]: Missing sound for event: minecraft:entity.squid.ambient
[10:10:45] [Client thread/WARN]: Missing sound for event: minecraft:entity.squid.death
[10:10:45] [Client thread/WARN]: Missing sound for event: minecraft:entity.squid.hurt
[10:10:45] [Client thread/WARN]: Missing sound for event: minecraft:entity.stray.ambient
[10:10:45] [Client thread/WARN]: Missing sound for event: minecraft:entity.stray.death
[10:10:45] [Client thread/WARN]: Missing sound for event: minecraft:entity.stray.hurt
[10:10:45] [Client thread/WARN]: Missing sound for event: minecraft:entity.stray.step
[10:10:45] [Client thread/WARN]: Missing sound for event: minecraft:entity.tnt.primed
[10:10:45] [Client thread/WARN]: Missing sound for event: minecraft:entity.villager.ambient
[10:10:45] [Client thread/WARN]: Missing sound for event: minecraft:entity.villager.death
[10:10:45] [Client thread/WARN]: Missing sound for event: minecraft:entity.villager.hurt
[10:10:45] [Client thread/WARN]: Missing sound for event: minecraft:entity.villager.no
[10:10:45] [Client thread/WARN]: Missing sound for event: minecraft:entity.villager.trading
[10:10:45] [Client thread/WARN]: Missing sound for event: minecraft:entity.villager.yes
[10:10:45] [Client thread/WARN]: Missing sound for event: minecraft:entity.witch.ambient
[10:10:45] [Client thread/WARN]: Missing sound for event: minecraft:entity.witch.death
[10:10:45] [Client thread/WARN]: Missing sound for event: minecraft:entity.witch.drink
[10:10:45] [Client thread/WARN]: Missing sound for event: minecraft:entity.witch.hurt
[10:10:45] [Client thread/WARN]: Missing sound for event: minecraft:entity.witch.throw
[10:10:45] [Client thread/WARN]: Missing sound for event: minecraft:entity.wither.ambient
[10:10:45] [Client thread/WARN]: Missing sound for event: minecraft:entity.wither.break_block
[10:10:45] [Client thread/WARN]: Missing sound for event: minecraft:entity.wither.death
[10:10:45] [Client thread/WARN]: Missing sound for event: minecraft:entity.wither.hurt
[10:10:45] [Client thread/WARN]: Missing sound for event: minecraft:entity.wither.shoot
[10:10:45] [Client thread/WARN]: Missing sound for event: minecraft:entity.wither.spawn
[10:10:45] [Client thread/WARN]: Missing sound for event: minecraft:entity.wither_skeleton.ambient
[10:10:45] [Client thread/WARN]: Missing sound for event: minecraft:entity.wither_skeleton.death
[10:10:45] [Client thread/WARN]: Missing sound for event: minecraft:entity.wither_skeleton.hurt
[10:10:45] [Client thread/WARN]: Missing sound for event: minecraft:entity.wither_skeleton.step
[10:10:45] [Client thread/WARN]: Missing sound for event: minecraft:entity.wolf.ambient
[10:10:45] [Client thread/WARN]: Missing sound for event: minecraft:entity.wolf.death
[10:10:45] [Client thread/WARN]: Missing sound for event: minecraft:entity.wolf.growl
[10:10:45] [Client thread/WARN]: Missing sound for event: minecraft:entity.wolf.howl
[10:10:45] [Client thread/WARN]: Missing sound for event: minecraft:entity.wolf.hurt
[10:10:45] [Client thread/WARN]: Missing sound for event: minecraft:entity.wolf.pant
[10:10:45] [Client thread/WARN]: Missing sound for event: minecraft:entity.wolf.shake
[10:10:45] [Client thread/WARN]: Missing sound for event: minecraft:entity.wolf.step
[10:10:45] [Client thread/WARN]: Missing sound for event: minecraft:entity.wolf.whine
[10:10:45] [Client thread/WARN]: Missing sound for event: minecraft:entity.zombie.ambient
[10:10:45] [Client thread/WARN]: Missing sound for event: minecraft:entity.zombie.attack_door_wood
[10:10:45] [Client thread/WARN]: Missing sound for event: minecraft:entity.zombie.attack_iron_door
[10:10:45] [Client thread/WARN]: Missing sound for event: minecraft:entity.zombie.break_door_wood
[10:10:45] [Client thread/WARN]: Missing sound for event: minecraft:entity.zombie.death
[10:10:45] [Client thread/WARN]: Missing sound for event: minecraft:entity.zombie.hurt
[10:10:45] [Client thread/WARN]: Missing sound for event: minecraft:entity.zombie.infect
[10:10:45] [Client thread/WARN]: Missing sound for event: minecraft:entity.zombie.step
[10:10:45] [Client thread/WARN]: Missing sound for event: minecraft:entity.zombie_horse.ambient
[10:10:45] [Client thread/WARN]: Missing sound for event: minecraft:entity.zombie_horse.death
[10:10:45] [Client thread/WARN]: Missing sound for event: minecraft:entity.zombie_horse.hurt
[10:10:45] [Client thread/WARN]: Missing sound for event: minecraft:entity.zombie_pig.ambient
[10:10:45] [Client thread/WARN]: Missing sound for event: minecraft:entity.zombie_pig.angry
[10:10:45] [Client thread/WARN]: Missing sound for event: minecraft:entity.zombie_pig.death
[10:10:45] [Client thread/WARN]: Missing sound for event: minecraft:entity.zombie_pig.hurt
[10:10:45] [Client thread/WARN]: Missing sound for event: minecraft:entity.zombie_villager.ambient
[10:10:45] [Client thread/WARN]: Missing sound for event: minecraft:entity.zombie_villager.converted
[10:10:45] [Client thread/WARN]: Missing sound for event: minecraft:entity.zombie_villager.cure
[10:10:45] [Client thread/WARN]: Missing sound for event: minecraft:entity.zombie_villager.death
[10:10:45] [Client thread/WARN]: Missing sound for event: minecraft:entity.zombie_villager.hurt
[10:10:45] [Client thread/WARN]: Missing sound for event: minecraft:entity.zombie_villager.step
[10:10:45] [Client thread/WARN]: Missing sound for event: minecraft:item.armor.equip_chain
[10:10:45] [Client thread/WARN]: Missing sound for event: minecraft:item.armor.equip_diamond
[10:10:45] [Client thread/WARN]: Missing sound for event: minecraft:item.armor.equip_generic
[10:10:45] [Client thread/WARN]: Missing sound for event: minecraft:item.armor.equip_gold
[10:10:45] [Client thread/WARN]: Missing sound for event: minecraft:item.armor.equip_iron
[10:10:45] [Client thread/WARN]: Missing sound for event: minecraft:item.armor.equip_leather
[10:10:45] [Client thread/WARN]: Missing sound for event: minecraft:item.bottle.fill
[10:10:45] [Client thread/WARN]: Missing sound for event: minecraft:item.bottle.fill_dragonbreath
[10:10:45] [Client thread/WARN]: Missing sound for event: minecraft:item.bucket.empty
[10:10:45] [Client thread/WARN]: Missing sound for event: minecraft:item.bucket.empty_lava
[10:10:45] [Client thread/WARN]: Missing sound for event: minecraft:item.bucket.fill
[10:10:45] [Client thread/WARN]: Missing sound for event: minecraft:item.bucket.fill_lava
[10:10:45] [Client thread/WARN]: Missing sound for event: minecraft:item.chorus_fruit.teleport
[10:10:45] [Client thread/WARN]: Missing sound for event: minecraft:item.elytra.flying
[10:10:45] [Client thread/WARN]: Missing sound for event: minecraft:item.firecharge.use
[10:10:45] [Client thread/WARN]: Missing sound for event: minecraft:item.flintandsteel.use
[10:10:45] [Client thread/WARN]: Missing sound for event: minecraft:item.hoe.till
[10:10:45] [Client thread/WARN]: Missing sound for event: minecraft:item.shield.block
[10:10:45] [Client thread/WARN]: Missing sound for event: minecraft:item.shield.break
[10:10:45] [Client thread/WARN]: Missing sound for event: minecraft:item.shovel.flatten
[10:10:45] [Client thread/WARN]: Missing sound for event: minecraft:music.creative
[10:10:45] [Client thread/WARN]: Missing sound for event: minecraft:music.credits
[10:10:45] [Client thread/WARN]: Missing sound for event: minecraft:music.dragon
[10:10:45] [Client thread/WARN]: Missing sound for event: minecraft:music.end
[10:10:45] [Client thread/WARN]: Missing sound for event: minecraft:music.nether
[10:10:45] [Client thread/WARN]: Missing sound for event: minecraft:record.11
[10:10:45] [Client thread/WARN]: Missing sound for event: minecraft:record.13
[10:10:45] [Client thread/WARN]: Missing sound for event: minecraft:record.blocks
[10:10:45] [Client thread/WARN]: Missing sound for event: minecraft:record.cat
[10:10:45] [Client thread/WARN]: Missing sound for event: minecraft:record.chirp
[10:10:45] [Client thread/WARN]: Missing sound for event: minecraft:record.far
[10:10:45] [Client thread/WARN]: Missing sound for event: minecraft:record.mall
[10:10:45] [Client thread/WARN]: Missing sound for event: minecraft:record.mellohi
[10:10:45] [Client thread/WARN]: Missing sound for event: minecraft:record.stal
[10:10:45] [Client thread/WARN]: Missing sound for event: minecraft:record.strad
[10:10:45] [Client thread/WARN]: Missing sound for event: minecraft:record.wait
[10:10:45] [Client thread/WARN]: Missing sound for event: minecraft:record.ward
[10:10:45] [Client thread/WARN]: Missing sound for event: minecraft:ui.button.click
[10:10:45] [Client thread/WARN]: Missing sound for event: minecraft:weather.rain
[10:10:45] [Client thread/WARN]: Missing sound for event: minecraft:weather.rain.above
[10:10:45] [Sound Library Loader/INFO]: Starting up SoundSystem...
[10:10:46] [Thread-5/INFO]: Initializing LWJGL OpenAL
[10:10:46] [Thread-5/INFO]: (The LWJGL binding of OpenAL.  For more information, see http://www.lwjgl.org)
[10:10:46] [Thread-5/INFO]: OpenAL initialized.
[10:10:46] [Sound Library Loader/INFO]: Sound engine started
[10:10:48] [Client thread/INFO]: Created: 1024x512 textures-atlas
[10:10:51] [Client thread/INFO]: Stopping!
[10:10:51] [Client thread/INFO]: SoundSystem shutting down...
[10:10:51] [Client thread/WARN]: Author: Paul Lamb, www.paulscode.com
[10:10:53] [Client thread/INFO]: Setting user: Player245
[10:10:55] [Client thread/WARN]: Skipping bad option: lastServer:
[10:10:55] [Client thread/INFO]: LWJGL Version: 2.9.2
[10:10:55] [Client thread/INFO]: Reloading ResourceManager: Default
[10:10:56] [Client thread/WARN]: Missing sound for event: minecraft:ambient.cave
[10:10:56] [Client thread/WARN]: Missing sound for event: minecraft:block.anvil.break
[10:10:56] [Client thread/WARN]: Missing sound for event: minecraft:block.anvil.destroy
[10:10:56] [Client thread/WARN]: Missing sound for event: minecraft:block.anvil.fall
[10:10:56] [Client thread/WARN]: Missing sound for event: minecraft:block.anvil.hit
[10:10:56] [Client thread/WARN]: Missing sound for event: minecraft:block.anvil.land
[10:10:56] [Client thread/WARN]: Missing sound for event: minecraft:block.anvil.place
[10:10:56] [Client thread/WARN]: Missing sound for event: minecraft:block.anvil.step
[10:10:56] [Client thread/WARN]: Missing sound for event: minecraft:block.anvil.use
[10:10:56] [Client thread/WARN]: Missing sound for event: minecraft:block.brewing_stand.brew
[10:10:56] [Client thread/WARN]: Missing sound for event: minecraft:block.chest.close
[10:10:56] [Client thread/WARN]: Missing sound for event: minecraft:block.chest.locked
[10:10:56] [Client thread/WARN]: Missing sound for event: minecraft:block.chest.open
[10:10:56] [Client thread/WARN]: Missing sound for event: minecraft:block.chorus_flower.death
[10:10:56] [Client thread/WARN]: Missing sound for event: minecraft:block.chorus_flower.grow
[10:10:56] [Client thread/WARN]: Missing sound for event: minecraft:block.cloth.break
[10:10:56] [Client thread/WARN]: Missing sound for event: minecraft:block.cloth.fall
[10:10:56] [Client thread/WARN]: Missing sound for event: minecraft:block.cloth.hit
[10:10:56] [Client thread/WARN]: Missing sound for event: minecraft:block.cloth.place
[10:10:56] [Client thread/WARN]: Missing sound for event: minecraft:block.cloth.step
[10:10:56] [Client thread/WARN]: Missing sound for event: minecraft:block.comparator.click
[10:10:56] [Client thread/WARN]: Missing sound for event: minecraft:block.dispenser.dispense
[10:10:56] [Client thread/WARN]: Missing sound for event: minecraft:block.dispenser.fail
[10:10:56] [Client thread/WARN]: Missing sound for event: minecraft:block.dispenser.launch
[10:10:56] [Client thread/WARN]: Missing sound for event: minecraft:block.enchantment_table.use
[10:10:56] [Client thread/WARN]: Missing sound for event: minecraft:block.end_gateway.spawn
[10:10:56] [Client thread/WARN]: Missing sound for event: minecraft:block.enderchest.close
[10:10:56] [Client thread/WARN]: Missing sound for event: minecraft:block.enderchest.open
[10:10:56] [Client thread/WARN]: Missing sound for event: minecraft:block.fence_gate.close
[10:10:56] [Client thread/WARN]: Missing sound for event: minecraft:block.fence_gate.open
[10:10:56] [Client thread/WARN]: Missing sound for event: minecraft:block.fire.ambient
[10:10:56] [Client thread/WARN]: Missing sound for event: minecraft:block.fire.extinguish
[10:10:56] [Client thread/WARN]: Missing sound for event: minecraft:block.furnace.fire_crackle
[10:10:56] [Client thread/WARN]: Missing sound for event: minecraft:block.glass.break
[10:10:56] [Client thread/WARN]: Missing sound for event: minecraft:block.glass.fall
[10:10:56] [Client thread/WARN]: Missing sound for event: minecraft:block.glass.hit
[10:10:56] [Client thread/WARN]: Missing sound for event: minecraft:block.glass.place
[10:10:56] [Client thread/WARN]: Missing sound for event: minecraft:block.glass.step
[10:10:56] [Client thread/WARN]: Missing sound for event: minecraft:block.grass.break
[10:10:56] [Client thread/WARN]: Missing sound for event: minecraft:block.grass.fall
[10:10:56] [Client thread/WARN]: Missing sound for event: minecraft:block.grass.hit
[10:10:56] [Client thread/WARN]: Missing sound for event: minecraft:block.grass.place
[10:10:56] [Client thread/WARN]: Missing sound for event: minecraft:block.grass.step
[10:10:56] [Client thread/WARN]: Missing sound for event: minecraft:block.gravel.break
[10:10:56] [Client thread/WARN]: Missing sound for event: minecraft:block.gravel.fall
[10:10:56] [Client thread/WARN]: Missing sound for event: minecraft:block.gravel.hit
[10:10:56] [Client thread/WARN]: Missing sound for event: minecraft:block.gravel.place
[10:10:56] [Client thread/WARN]: Missing sound for event: minecraft:block.gravel.step
[10:10:56] [Client thread/WARN]: Missing sound for event: minecraft:block.iron_door.close
[10:10:56] [Client thread/WARN]: Missing sound for event: minecraft:block.iron_door.open
[10:10:56] [Client thread/WARN]: Missing sound for event: minecraft:block.iron_trapdoor.close
[10:10:56] [Client thread/WARN]: Missing sound for event: minecraft:block.iron_trapdoor.open
[10:10:56] [Client thread/WARN]: Missing sound for event: minecraft:block.ladder.break
[10:10:56] [Client thread/WARN]: Missing sound for event: minecraft:block.ladder.fall
[10:10:56] [Client thread/WARN]: Missing sound for event: minecraft:block.ladder.hit
[10:10:56] [Client thread/WARN]: Missing sound for event: minecraft:block.ladder.place
[10:10:56] [Client thread/WARN]: Missing sound for event: minecraft:block.ladder.step
[10:10:56] [Client thread/WARN]: Missing sound for event: minecraft:block.lava.ambient
[10:10:56] [Client thread/WARN]: Missing sound for event: minecraft:block.lava.extinguish
[10:10:56] [Client thread/WARN]: Missing sound for event: minecraft:block.lava.pop
[10:10:56] [Client thread/WARN]: Missing sound for event: minecraft:block.lever.click
[10:10:56] [Client thread/WARN]: Missing sound for event: minecraft:block.metal.break
[10:10:56] [Client thread/WARN]: Missing sound for event: minecraft:block.metal.fall
[10:10:56] [Client thread/WARN]: Missing sound for event: minecraft:block.metal.hit
[10:10:56] [Client thread/WARN]: Missing sound for event: minecraft:block.metal.place
[10:10:56] [Client thread/WARN]: Missing sound for event: minecraft:block.metal.step
[10:10:56] [Client thread/WARN]: Missing sound for event: minecraft:block.metal_pressureplate.click_off
[10:10:56] [Client thread/WARN]: Missing sound for event: minecraft:block.metal_pressureplate.click_on
[10:10:56] [Client thread/WARN]: Missing sound for event: minecraft:block.note.basedrum
[10:10:56] [Client thread/WARN]: Missing sound for event: minecraft:block.note.bass
[10:10:56] [Client thread/WARN]: Missing sound for event: minecraft:block.note.harp
[10:10:56] [Client thread/WARN]: Missing sound for event: minecraft:block.note.hat
[10:10:56] [Client thread/WARN]: Missing sound for event: minecraft:block.note.pling
[10:10:56] [Client thread/WARN]: Missing sound for event: minecraft:block.note.snare
[10:10:56] [Client thread/WARN]: Missing sound for event: minecraft:block.piston.contract
[10:10:56] [Client thread/WARN]: Missing sound for event: minecraft:block.piston.extend
[10:10:56] [Client thread/WARN]: Missing sound for event: minecraft:block.portal.ambient
[10:10:56] [Client thread/WARN]: Missing sound for event: minecraft:block.portal.travel
[10:10:56] [Client thread/WARN]: Missing sound for event: minecraft:block.portal.trigger
[10:10:56] [Client thread/WARN]: Missing sound for event: minecraft:block.redstone_torch.burnout
[10:10:56] [Client thread/WARN]: Missing sound for event: minecraft:block.sand.break
[10:10:56] [Client thread/WARN]: Missing sound for event: minecraft:block.sand.fall
[10:10:56] [Client thread/WARN]: Missing sound for event: minecraft:block.sand.hit
[10:10:56] [Client thread/WARN]: Missing sound for event: minecraft:block.sand.place
[10:10:56] [Client thread/WARN]: Missing sound for event: minecraft:block.sand.step
[10:10:56] [Client thread/WARN]: Missing sound for event: minecraft:block.slime.break
[10:10:56] [Client thread/WARN]: Missing sound for event: minecraft:block.slime.fall
[10:10:56] [Client thread/WARN]: Missing sound for event: minecraft:block.slime.hit
[10:10:56] [Client thread/WARN]: Missing sound for event: minecraft:block.slime.place
[10:10:56] [Client thread/WARN]: Missing sound for event: minecraft:block.slime.step
[10:10:56] [Client thread/WARN]: Missing sound for event: minecraft:block.snow.break
[10:10:56] [Client thread/WARN]: Missing sound for event: minecraft:block.snow.fall
[10:10:56] [Client thread/WARN]: Missing sound for event: minecraft:block.snow.hit
[10:10:56] [Client thread/WARN]: Missing sound for event: minecraft:block.snow.place
[10:10:56] [Client thread/WARN]: Missing sound for event: minecraft:block.snow.step
[10:10:56] [Client thread/WARN]: Missing sound for event: minecraft:block.stone.break
[10:10:56] [Client thread/WARN]: Missing sound for event: minecraft:block.stone.fall
[10:10:56] [Client thread/WARN]: Missing sound for event: minecraft:block.stone.hit
[10:10:56] [Client thread/WARN]: Missing sound for event: minecraft:block.stone.place
[10:10:56] [Client thread/WARN]: Missing sound for event: minecraft:block.stone.step
[10:10:56] [Client thread/WARN]: Missing sound for event: minecraft:block.stone_button.click_off
[10:10:56] [Client thread/WARN]: Missing sound for event: minecraft:block.stone_button.click_on
[10:10:56] [Client thread/WARN]: Missing sound for event: minecraft:block.stone_pressureplate.click_off
[10:10:56] [Client thread/WARN]: Missing sound for event: minecraft:block.stone_pressureplate.click_on
[10:10:56] [Client thread/WARN]: Missing sound for event: minecraft:block.tripwire.attach
[10:10:56] [Client thread/WARN]: Missing sound for event: minecraft:block.tripwire.click_off
[10:10:56] [Client thread/WARN]: Missing sound for event: minecraft:block.tripwire.click_on
[10:10:56] [Client thread/WARN]: Missing sound for event: minecraft:block.tripwire.detach
[10:10:56] [Client thread/WARN]: Missing sound for event: minecraft:block.water.ambient
[10:10:56] [Client thread/WARN]: Missing sound for event: minecraft:block.waterlily.place
[10:10:56] [Client thread/WARN]: Missing sound for event: minecraft:block.wood.break
[10:10:56] [Client thread/WARN]: Missing sound for event: minecraft:block.wood.fall
[10:10:56] [Client thread/WARN]: Missing sound for event: minecraft:block.wood.hit
[10:10:56] [Client thread/WARN]: Missing sound for event: minecraft:block.wood.place
[10:10:56] [Client thread/WARN]: Missing sound for event: minecraft:block.wood.step
[10:10:56] [Client thread/WARN]: Missing sound for event: minecraft:block.wood_button.click_off
[10:10:56] [Client thread/WARN]: Missing sound for event: minecraft:block.wood_button.click_on
[10:10:56] [Client thread/WARN]: Missing sound for event: minecraft:block.wood_pressureplate.click_off
[10:10:56] [Client thread/WARN]: Missing sound for event: minecraft:block.wood_pressureplate.click_on
[10:10:56] [Client thread/WARN]: Missing sound for event: minecraft:block.wooden_door.close
[10:10:56] [Client thread/WARN]: Missing sound for event: minecraft:block.wooden_door.open
[10:10:56] [Client thread/WARN]: Missing sound for event: minecraft:block.wooden_trapdoor.close
[10:10:56] [Client thread/WARN]: Missing sound for event: minecraft:block.wooden_trapdoor.open
[10:10:56] [Client thread/WARN]: Missing sound for event: minecraft:enchant.thorns.hit
[10:10:56] [Client thread/WARN]: Missing sound for event: minecraft:entity.armorstand.break
[10:10:56] [Client thread/WARN]: Missing sound for event: minecraft:entity.armorstand.fall
[10:10:56] [Client thread/WARN]: Missing sound for event: minecraft:entity.armorstand.hit
[10:10:56] [Client thread/WARN]: Missing sound for event: minecraft:entity.armorstand.place
[10:10:56] [Client thread/WARN]: Missing sound for event: minecraft:entity.arrow.hit
[10:10:56] [Client thread/WARN]: Missing sound for event: minecraft:entity.arrow.hit_player
[10:10:56] [Client thread/WARN]: Missing sound for event: minecraft:entity.arrow.shoot
[10:10:56] [Client thread/WARN]: Missing sound for event: minecraft:entity.bat.ambient
[10:10:56] [Client thread/WARN]: Missing sound for event: minecraft:entity.bat.death
[10:10:56] [Client thread/WARN]: Missing sound for event: minecraft:entity.bat.hurt
[10:10:56] [Client thread/WARN]: Missing sound for event: minecraft:entity.bat.loop
[10:10:56] [Client thread/WARN]: Missing sound for event: minecraft:entity.bat.takeoff
[10:10:56] [Client thread/WARN]: Missing sound for event: minecraft:entity.blaze.ambient
[10:10:56] [Client thread/WARN]: Missing sound for event: minecraft:entity.blaze.burn
[10:10:56] [Client thread/WARN]: Missing sound for event: minecraft:entity.blaze.death
[10:10:56] [Client thread/WARN]: Missing sound for event: minecraft:entity.blaze.hurt
[10:10:56] [Client thread/WARN]: Missing sound for event: minecraft:entity.blaze.shoot
[10:10:56] [Client thread/WARN]: Missing sound for event: minecraft:entity.bobber.splash
[10:10:56] [Client thread/WARN]: Missing sound for event: minecraft:entity.bobber.throw
[10:10:56] [Client thread/WARN]: Missing sound for event: minecraft:entity.cat.ambient
[10:10:56] [Client thread/WARN]: Missing sound for event: minecraft:entity.cat.death
[10:10:56] [Client thread/WARN]: Missing sound for event: minecraft:entity.cat.hiss
[10:10:56] [Client thread/WARN]: Missing sound for event: minecraft:entity.cat.hurt
[10:10:56] [Client thread/WARN]: Missing sound for event: minecraft:entity.cat.purr
[10:10:56] [Client thread/WARN]: Missing sound for event: minecraft:entity.cat.purreow
[10:10:56] [Client thread/WARN]: Missing sound for event: minecraft:entity.chicken.ambient
[10:10:56] [Client thread/WARN]: Missing sound for event: minecraft:entity.chicken.death
[10:10:56] [Client thread/WARN]: Missing sound for event: minecraft:entity.chicken.egg
[10:10:56] [Client thread/WARN]: Missing sound for event: minecraft:entity.chicken.hurt
[10:10:56] [Client thread/WARN]: Missing sound for event: minecraft:entity.chicken.step
[10:10:56] [Client thread/WARN]: Missing sound for event: minecraft:entity.cow.ambient
[10:10:56] [Client thread/WARN]: Missing sound for event: minecraft:entity.cow.death
[10:10:56] [Client thread/WARN]: Missing sound for event: minecraft:entity.cow.hurt
[10:10:56] [Client thread/WARN]: Missing sound for event: minecraft:entity.cow.milk
[10:10:56] [Client thread/WARN]: Missing sound for event: minecraft:entity.cow.step
[10:10:56] [Client thread/WARN]: Missing sound for event: minecraft:entity.creeper.death
[10:10:56] [Client thread/WARN]: Missing sound for event: minecraft:entity.creeper.hurt
[10:10:56] [Client thread/WARN]: Missing sound for event: minecraft:entity.creeper.primed
[10:10:56] [Client thread/WARN]: Missing sound for event: minecraft:entity.donkey.ambient
[10:10:56] [Client thread/WARN]: Missing sound for event: minecraft:entity.donkey.angry
[10:10:56] [Client thread/WARN]: Missing sound for event: minecraft:entity.donkey.chest
[10:10:56] [Client thread/WARN]: Missing sound for event: minecraft:entity.donkey.death
[10:10:56] [Client thread/WARN]: Missing sound for event: minecraft:entity.donkey.hurt
[10:10:56] [Client thread/WARN]: Missing sound for event: minecraft:entity.egg.throw
[10:10:56] [Client thread/WARN]: Missing sound for event: minecraft:entity.elder_guardian.ambient
[10:10:56] [Client thread/WARN]: Missing sound for event: minecraft:entity.elder_guardian.ambient_land
[10:10:56] [Client thread/WARN]: Missing sound for event: minecraft:entity.elder_guardian.curse
[10:10:56] [Client thread/WARN]: Missing sound for event: minecraft:entity.elder_guardian.death
[10:10:56] [Client thread/WARN]: Missing sound for event: minecraft:entity.elder_guardian.death_land
[10:10:56] [Client thread/WARN]: Missing sound for event: minecraft:entity.elder_guardian.hurt
[10:10:56] [Client thread/WARN]: Missing sound for event: minecraft:entity.elder_guardian.hurt_land
[10:10:56] [Client thread/WARN]: Missing sound for event: minecraft:entity.enderdragon.ambient
[10:10:56] [Client thread/WARN]: Missing sound for event: minecraft:entity.enderdragon.death
[10:10:56] [Client thread/WARN]: Missing sound for event: minecraft:entity.enderdragon.flap
[10:10:56] [Client thread/WARN]: Missing sound for event: minecraft:entity.enderdragon.growl
[10:10:56] [Client thread/WARN]: Missing sound for event: minecraft:entity.enderdragon.hurt
[10:10:56] [Client thread/WARN]: Missing sound for event: minecraft:entity.enderdragon.shoot
[10:10:56] [Client thread/WARN]: Missing sound for event: minecraft:entity.enderdragon_fireball.explode
[10:10:56] [Client thread/WARN]: Missing sound for event: minecraft:entity.endereye.launch
[10:10:56] [Client thread/WARN]: Missing sound for event: minecraft:entity.endermen.ambient
[10:10:56] [Client thread/WARN]: Missing sound for event: minecraft:entity.endermen.death
[10:10:56] [Client thread/WARN]: Missing sound for event: minecraft:entity.endermen.hurt
[10:10:56] [Client thread/WARN]: Missing sound for event: minecraft:entity.endermen.scream
[10:10:56] [Client thread/WARN]: Missing sound for event: minecraft:entity.endermen.stare
[10:10:56] [Client thread/WARN]: Missing sound for event: minecraft:entity.endermen.teleport
[10:10:56] [Client thread/WARN]: Missing sound for event: minecraft:entity.endermite.ambient
[10:10:56] [Client thread/WARN]: Missing sound for event: minecraft:entity.endermite.death
[10:10:56] [Client thread/WARN]: Missing sound for event: minecraft:entity.endermite.hurt
[10:10:56] [Client thread/WARN]: Missing sound for event: minecraft:entity.endermite.step
[10:10:56] [Client thread/WARN]: Missing sound for event: minecraft:entity.enderpearl.throw
[10:10:56] [Client thread/WARN]: Missing sound for event: minecraft:entity.experience_bottle.throw
[10:10:56] [Client thread/WARN]: Missing sound for event: minecraft:entity.experience_orb.pickup
[10:10:56] [Client thread/WARN]: Missing sound for event: minecraft:entity.experience_orb.touch
[10:10:56] [Client thread/WARN]: Missing sound for event: minecraft:entity.firework.blast
[10:10:56] [Client thread/WARN]: Missing sound for event: minecraft:entity.firework.blast_far
[10:10:56] [Client thread/WARN]: Missing sound for event: minecraft:entity.firework.large_blast
[10:10:56] [Client thread/WARN]: Missing sound for event: minecraft:entity.firework.large_blast_far
[10:10:56] [Client thread/WARN]: Missing sound for event: minecraft:entity.firework.launch
[10:10:56] [Client thread/WARN]: Missing sound for event: minecraft:entity.firework.shoot
[10:10:56] [Client thread/WARN]: Missing sound for event: minecraft:entity.firework.twinkle
[10:10:56] [Client thread/WARN]: Missing sound for event: minecraft:entity.firework.twinkle_far
[10:10:56] [Client thread/WARN]: Missing sound for event: minecraft:entity.generic.big_fall
[10:10:56] [Client thread/WARN]: Missing sound for event: minecraft:entity.generic.burn
[10:10:56] [Client thread/WARN]: Missing sound for event: minecraft:entity.generic.death
[10:10:56] [Client thread/WARN]: Missing sound for event: minecraft:entity.generic.drink
[10:10:56] [Client thread/WARN]: Missing sound for event: minecraft:entity.generic.eat
[10:10:56] [Client thread/WARN]: Missing sound for event: minecraft:entity.generic.explode
[10:10:56] [Client thread/WARN]: Missing sound for event: minecraft:entity.generic.extinguish_fire
[10:10:56] [Client thread/WARN]: Missing sound for event: minecraft:entity.generic.hurt
[10:10:56] [Client thread/WARN]: Missing sound for event: minecraft:entity.generic.small_fall
[10:10:56] [Client thread/WARN]: Missing sound for event: minecraft:entity.generic.splash
[10:10:56] [Client thread/WARN]: Missing sound for event: minecraft:entity.generic.swim
[10:10:56] [Client thread/WARN]: Missing sound for event: minecraft:entity.ghast.ambient
[10:10:56] [Client thread/WARN]: Missing sound for event: minecraft:entity.ghast.death
[10:10:56] [Client thread/WARN]: Missing sound for event: minecraft:entity.ghast.hurt
[10:10:56] [Client thread/WARN]: Missing sound for event: minecraft:entity.ghast.scream
[10:10:56] [Client thread/WARN]: Missing sound for event: minecraft:entity.ghast.shoot
[10:10:56] [Client thread/WARN]: Missing sound for event: minecraft:entity.ghast.warn
[10:10:56] [Client thread/WARN]: Missing sound for event: minecraft:entity.guardian.ambient
[10:10:56] [Client thread/WARN]: Missing sound for event: minecraft:entity.guardian.ambient_land
[10:10:56] [Client thread/WARN]: Missing sound for event: minecraft:entity.guardian.attack
[10:10:56] [Client thread/WARN]: Missing sound for event: minecraft:entity.guardian.death
[10:10:56] [Client thread/WARN]: Missing sound for event: minecraft:entity.guardian.death_land
[10:10:56] [Client thread/WARN]: Missing sound for event: minecraft:entity.guardian.flop
[10:10:56] [Client thread/WARN]: Missing sound for event: minecraft:entity.guardian.hurt
[10:10:56] [Client thread/WARN]: Missing sound for event: minecraft:entity.guardian.hurt_land
[10:10:56] [Client thread/WARN]: Missing sound for event: minecraft:entity.horse.ambient
[10:10:56] [Client thread/WARN]: Missing sound for event: minecraft:entity.horse.angry
[10:10:56] [Client thread/WARN]: Missing sound for event: minecraft:entity.horse.armor
[10:10:56] [Client thread/WARN]: Missing sound for event: minecraft:entity.horse.breathe
[10:10:56] [Client thread/WARN]: Missing sound for event: minecraft:entity.horse.death
[10:10:56] [Client thread/WARN]: Missing sound for event: minecraft:entity.horse.eat
[10:10:56] [Client thread/WARN]: Missing sound for event: minecraft:entity.horse.gallop
[10:10:56] [Client thread/WARN]: Missing sound for event: minecraft:entity.horse.hurt
[10:10:56] [Client thread/WARN]: Missing sound for event: minecraft:entity.horse.jump
[10:10:56] [Client thread/WARN]: Missing sound for event: minecraft:entity.horse.land
[10:10:56] [Client thread/WARN]: Missing sound for event: minecraft:entity.horse.saddle
[10:10:56] [Client thread/WARN]: Missing sound for event: minecraft:entity.horse.step
[10:10:56] [Client thread/WARN]: Missing sound for event: minecraft:entity.horse.step_wood
[10:10:56] [Client thread/WARN]: Missing sound for event: minecraft:entity.hostile.big_fall
[10:10:56] [Client thread/WARN]: Missing sound for event: minecraft:entity.hostile.death
[10:10:56] [Client thread/WARN]: Missing sound for event: minecraft:entity.hostile.hurt
[10:10:56] [Client thread/WARN]: Missing sound for event: minecraft:entity.hostile.small_fall
[10:10:56] [Client thread/WARN]: Missing sound for event: minecraft:entity.hostile.splash
[10:10:56] [Client thread/WARN]: Missing sound for event: minecraft:entity.hostile.swim
[10:10:56] [Client thread/WARN]: Missing sound for event: minecraft:entity.husk.ambient
[10:10:56] [Client thread/WARN]: Missing sound for event: minecraft:entity.husk.death
[10:10:56] [Client thread/WARN]: Missing sound for event: minecraft:entity.husk.hurt
[10:10:56] [Client thread/WARN]: Missing sound for event: minecraft:entity.husk.step
[10:10:56] [Client thread/WARN]: Missing sound for event: minecraft:entity.irongolem.attack
[10:10:56] [Client thread/WARN]: Missing sound for event: minecraft:entity.irongolem.death
[10:10:56] [Client thread/WARN]: Missing sound for event: minecraft:entity.irongolem.hurt
[10:10:56] [Client thread/WARN]: Missing sound for event: minecraft:entity.irongolem.step
[10:10:56] [Client thread/WARN]: Missing sound for event: minecraft:entity.item.break
[10:10:56] [Client thread/WARN]: Missing sound for event: minecraft:entity.item.pickup
[10:10:56] [Client thread/WARN]: Missing sound for event: minecraft:entity.itemframe.add_item
[10:10:56] [Client thread/WARN]: Missing sound for event: minecraft:entity.itemframe.break
[10:10:56] [Client thread/WARN]: Missing sound for event: minecraft:entity.itemframe.place
[10:10:56] [Client thread/WARN]: Missing sound for event: minecraft:entity.itemframe.remove_item
[10:10:56] [Client thread/WARN]: Missing sound for event: minecraft:entity.itemframe.rotate_item
[10:10:56] [Client thread/WARN]: Missing sound for event: minecraft:entity.leashknot.break
[10:10:56] [Client thread/WARN]: Missing sound for event: minecraft:entity.leashknot.place
[10:10:56] [Client thread/WARN]: Missing sound for event: minecraft:entity.lightning.impact
[10:10:56] [Client thread/WARN]: Missing sound for event: minecraft:entity.lightning.thunder
[10:10:56] [Client thread/WARN]: Missing sound for event: minecraft:entity.lingeringpotion.throw
[10:10:56] [Client thread/WARN]: Missing sound for event: minecraft:entity.magmacube.death
[10:10:56] [Client thread/WARN]: Missing sound for event: minecraft:entity.magmacube.hurt
[10:10:56] [Client thread/WARN]: Missing sound for event: minecraft:entity.magmacube.jump
[10:10:56] [Client thread/WARN]: Missing sound for event: minecraft:entity.magmacube.squish
[10:10:56] [Client thread/WARN]: Missing sound for event: minecraft:entity.minecart.inside
[10:10:56] [Client thread/WARN]: Missing sound for event: minecraft:entity.minecart.riding
[10:10:56] [Client thread/WARN]: Missing sound for event: minecraft:entity.mooshroom.shear
[10:10:56] [Client thread/WARN]: Missing sound for event: minecraft:entity.mule.ambient
[10:10:56] [Client thread/WARN]: Missing sound for event: minecraft:entity.mule.death
[10:10:56] [Client thread/WARN]: Missing sound for event: minecraft:entity.mule.hurt
[10:10:56] [Client thread/WARN]: Missing sound for event: minecraft:entity.painting.break
[10:10:56] [Client thread/WARN]: Missing sound for event: minecraft:entity.painting.place
[10:10:56] [Client thread/WARN]: Missing sound for event: minecraft:entity.pig.ambient
[10:10:56] [Client thread/WARN]: Missing sound for event: minecraft:entity.pig.death
[10:10:56] [Client thread/WARN]: Missing sound for event: minecraft:entity.pig.hurt
[10:10:56] [Client thread/WARN]: Missing sound for event: minecraft:entity.pig.saddle
[10:10:56] [Client thread/WARN]: Missing sound for event: minecraft:entity.pig.step
[10:10:56] [Client thread/WARN]: Missing sound for event: minecraft:entity.player.attack.crit
[10:10:56] [Client thread/WARN]: Missing sound for event: minecraft:entity.player.attack.knockback
[10:10:56] [Client thread/WARN]: Missing sound for event: minecraft:entity.player.attack.nodamage
[10:10:56] [Client thread/WARN]: Missing sound for event: minecraft:entity.player.attack.strong
[10:10:56] [Client thread/WARN]: Missing sound for event: minecraft:entity.player.attack.sweep
[10:10:56] [Client thread/WARN]: Missing sound for event: minecraft:entity.player.attack.weak
[10:10:56] [Client thread/WARN]: Missing sound for event: minecraft:entity.player.big_fall
[10:10:56] [Client thread/WARN]: Missing sound for event: minecraft:entity.player.breath
[10:10:56] [Client thread/WARN]: Missing sound for event: minecraft:entity.player.burp
[10:10:56] [Client thread/WARN]: Missing sound for event: minecraft:entity.player.death
[10:10:56] [Client thread/WARN]: Missing sound for event: minecraft:entity.player.hurt
[10:10:56] [Client thread/WARN]: Missing sound for event: minecraft:entity.player.levelup
[10:10:56] [Client thread/WARN]: Missing sound for event: minecraft:entity.player.small_fall
[10:10:56] [Client thread/WARN]: Missing sound for event: minecraft:entity.player.splash
[10:10:56] [Client thread/WARN]: Missing sound for event: minecraft:entity.player.swim
[10:10:56] [Client thread/WARN]: Missing sound for event: minecraft:entity.polar_bear.ambient
[10:10:56] [Client thread/WARN]: Missing sound for event: minecraft:entity.polar_bear.baby_ambient
[10:10:56] [Client thread/WARN]: Missing sound for event: minecraft:entity.polar_bear.death
[10:10:56] [Client thread/WARN]: Missing sound for event: minecraft:entity.polar_bear.hurt
[10:10:56] [Client thread/WARN]: Missing sound for event: minecraft:entity.polar_bear.step
[10:10:56] [Client thread/WARN]: Missing sound for event: minecraft:entity.polar_bear.warning
[10:10:56] [Client thread/WARN]: Missing sound for event: minecraft:entity.rabbit.ambient
[10:10:56] [Client thread/WARN]: Missing sound for event: minecraft:entity.rabbit.attack
[10:10:56] [Client thread/WARN]: Missing sound for event: minecraft:entity.rabbit.death
[10:10:56] [Client thread/WARN]: Missing sound for event: minecraft:entity.rabbit.hurt
[10:10:56] [Client thread/WARN]: Missing sound for event: minecraft:entity.rabbit.jump
[10:10:56] [Client thread/WARN]: Missing sound for event: minecraft:entity.sheep.ambient
[10:10:56] [Client thread/WARN]: Missing sound for event: minecraft:entity.sheep.death
[10:10:56] [Client thread/WARN]: Missing sound for event: minecraft:entity.sheep.hurt
[10:10:56] [Client thread/WARN]: Missing sound for event: minecraft:entity.sheep.shear
[10:10:56] [Client thread/WARN]: Missing sound for event: minecraft:entity.sheep.step
[10:10:56] [Client thread/WARN]: Missing sound for event: minecraft:entity.shulker.ambient
[10:10:56] [Client thread/WARN]: Missing sound for event: minecraft:entity.shulker.close
[10:10:56] [Client thread/WARN]: Missing sound for event: minecraft:entity.shulker.death
[10:10:56] [Client thread/WARN]: Missing sound for event: minecraft:entity.shulker.hurt
[10:10:56] [Client thread/WARN]: Missing sound for event: minecraft:entity.shulker.hurt_closed
[10:10:56] [Client thread/WARN]: Missing sound for event: minecraft:entity.shulker.open
[10:10:56] [Client thread/WARN]: Missing sound for event: minecraft:entity.shulker.shoot
[10:10:56] [Client thread/WARN]: Missing sound for event: minecraft:entity.shulker.teleport
[10:10:56] [Client thread/WARN]: Missing sound for event: minecraft:entity.shulker_bullet.hit
[10:10:56] [Client thread/WARN]: Missing sound for event: minecraft:entity.shulker_bullet.hurt
[10:10:56] [Client thread/WARN]: Missing sound for event: minecraft:entity.silverfish.ambient
[10:10:56] [Client thread/WARN]: Missing sound for event: minecraft:entity.silverfish.death
[10:10:56] [Client thread/WARN]: Missing sound for event: minecraft:entity.silverfish.hurt
[10:10:56] [Client thread/WARN]: Missing sound for event: minecraft:entity.silverfish.step
[10:10:56] [Client thread/WARN]: Missing sound for event: minecraft:entity.skeleton.ambient
[10:10:56] [Client thread/WARN]: Missing sound for event: minecraft:entity.skeleton.death
[10:10:56] [Client thread/WARN]: Missing sound for event: minecraft:entity.skeleton.hurt
[10:10:56] [Client thread/WARN]: Missing sound for event: minecraft:entity.skeleton.shoot
[10:10:56] [Client thread/WARN]: Missing sound for event: minecraft:entity.skeleton.step
[10:10:56] [Client thread/WARN]: Missing sound for event: minecraft:entity.skeleton_horse.ambient
[10:10:56] [Client thread/WARN]: Missing sound for event: minecraft:entity.skeleton_horse.death
[10:10:56] [Client thread/WARN]: Missing sound for event: minecraft:entity.skeleton_horse.hurt
[10:10:56] [Client thread/WARN]: Missing sound for event: minecraft:entity.slime.attack
[10:10:56] [Client thread/WARN]: Missing sound for event: minecraft:entity.slime.death
[10:10:56] [Client thread/WARN]: Missing sound for event: minecraft:entity.slime.hurt
[10:10:56] [Client thread/WARN]: Missing sound for event: minecraft:entity.slime.jump
[10:10:56] [Client thread/WARN]: Missing sound for event: minecraft:entity.slime.squish
[10:10:56] [Client thread/WARN]: Missing sound for event: minecraft:entity.small_magmacube.death
[10:10:56] [Client thread/WARN]: Missing sound for event: minecraft:entity.small_magmacube.hurt
[10:10:56] [Client thread/WARN]: Missing sound for event: minecraft:entity.small_magmacube.squish
[10:10:56] [Client thread/WARN]: Missing sound for event: minecraft:entity.small_slime.death
[10:10:56] [Client thread/WARN]: Missing sound for event: minecraft:entity.small_slime.hurt
[10:10:56] [Client thread/WARN]: Missing sound for event: minecraft:entity.small_slime.jump
[10:10:56] [Client thread/WARN]: Missing sound for event: minecraft:entity.small_slime.squish
[10:10:56] [Client thread/WARN]: Missing sound for event: minecraft:entity.snowball.throw
[10:10:56] [Client thread/WARN]: Missing sound for event: minecraft:entity.snowman.ambient
[10:10:56] [Client thread/WARN]: Missing sound for event: minecraft:entity.snowman.death
[10:10:56] [Client thread/WARN]: Missing sound for event: minecraft:entity.snowman.hurt
[10:10:56] [Client thread/WARN]: Missing sound for event: minecraft:entity.snowman.shoot
[10:10:56] [Client thread/WARN]: Missing sound for event: minecraft:entity.spider.ambient
[10:10:56] [Client thread/WARN]: Missing sound for event: minecraft:entity.spider.death
[10:10:56] [Client thread/WARN]: Missing sound for event: minecraft:entity.spider.hurt
[10:10:56] [Client thread/WARN]: Missing sound for event: minecraft:entity.spider.step
[10:10:56] [Client thread/WARN]: Missing sound for event: minecraft:entity.splash_potion.break
[10:10:56] [Client thread/WARN]: Missing sound for event: minecraft:entity.splash_potion.throw
[10:10:56] [Client thread/WARN]: Missing sound for event: minecraft:entity.squid.ambient
[10:10:56] [Client thread/WARN]: Missing sound for event: minecraft:entity.squid.death
[10:10:56] [Client thread/WARN]: Missing sound for event: minecraft:entity.squid.hurt
[10:10:56] [Client thread/WARN]: Missing sound for event: minecraft:entity.stray.ambient
[10:10:56] [Client thread/WARN]: Missing sound for event: minecraft:entity.stray.death
[10:10:56] [Client thread/WARN]: Missing sound for event: minecraft:entity.stray.hurt
[10:10:56] [Client thread/WARN]: Missing sound for event: minecraft:entity.stray.step
[10:10:56] [Client thread/WARN]: Missing sound for event: minecraft:entity.tnt.primed
[10:10:56] [Client thread/WARN]: Missing sound for event: minecraft:entity.villager.ambient
[10:10:56] [Client thread/WARN]: Missing sound for event: minecraft:entity.villager.death
[10:10:56] [Client thread/WARN]: Missing sound for event: minecraft:entity.villager.hurt
[10:10:56] [Client thread/WARN]: Missing sound for event: minecraft:entity.villager.no
[10:10:56] [Client thread/WARN]: Missing sound for event: minecraft:entity.villager.trading
[10:10:56] [Client thread/WARN]: Missing sound for event: minecraft:entity.villager.yes
[10:10:56] [Client thread/WARN]: Missing sound for event: minecraft:entity.witch.ambient
[10:10:56] [Client thread/WARN]: Missing sound for event: minecraft:entity.witch.death
[10:10:56] [Client thread/WARN]: Missing sound for event: minecraft:entity.witch.drink
[10:10:56] [Client thread/WARN]: Missing sound for event: minecraft:entity.witch.hurt
[10:10:56] [Client thread/WARN]: Missing sound for event: minecraft:entity.witch.throw
[10:10:56] [Client thread/WARN]: Missing sound for event: minecraft:entity.wither.ambient
[10:10:56] [Client thread/WARN]: Missing sound for event: minecraft:entity.wither.break_block
[10:10:56] [Client thread/WARN]: Missing sound for event: minecraft:entity.wither.death
[10:10:56] [Client thread/WARN]: Missing sound for event: minecraft:entity.wither.hurt
[10:10:56] [Client thread/WARN]: Missing sound for event: minecraft:entity.wither.shoot
[10:10:56] [Client thread/WARN]: Missing sound for event: minecraft:entity.wither.spawn
[10:10:56] [Client thread/WARN]: Missing sound for event: minecraft:entity.wither_skeleton.ambient
[10:10:56] [Client thread/WARN]: Missing sound for event: minecraft:entity.wither_skeleton.death
[10:10:56] [Client thread/WARN]: Missing sound for event: minecraft:entity.wither_skeleton.hurt
[10:10:56] [Client thread/WARN]: Missing sound for event: minecraft:entity.wither_skeleton.step
[10:10:56] [Client thread/WARN]: Missing sound for event: minecraft:entity.wolf.ambient
[10:10:56] [Client thread/WARN]: Missing sound for event: minecraft:entity.wolf.death
[10:10:56] [Client thread/WARN]: Missing sound for event: minecraft:entity.wolf.growl
[10:10:56] [Client thread/WARN]: Missing sound for event: minecraft:entity.wolf.howl
[10:10:56] [Client thread/WARN]: Missing sound for event: minecraft:entity.wolf.hurt
[10:10:56] [Client thread/WARN]: Missing sound for event: minecraft:entity.wolf.pant
[10:10:56] [Client thread/WARN]: Missing sound for event: minecraft:entity.wolf.shake
[10:10:56] [Client thread/WARN]: Missing sound for event: minecraft:entity.wolf.step
[10:10:56] [Client thread/WARN]: Missing sound for event: minecraft:entity.wolf.whine
[10:10:56] [Client thread/WARN]: Missing sound for event: minecraft:entity.zombie.ambient
[10:10:56] [Client thread/WARN]: Missing sound for event: minecraft:entity.zombie.attack_door_wood
[10:10:56] [Client thread/WARN]: Missing sound for event: minecraft:entity.zombie.attack_iron_door
[10:10:56] [Client thread/WARN]: Missing sound for event: minecraft:entity.zombie.break_door_wood
[10:10:56] [Client thread/WARN]: Missing sound for event: minecraft:entity.zombie.death
[10:10:56] [Client thread/WARN]: Missing sound for event: minecraft:entity.zombie.hurt
[10:10:56] [Client thread/WARN]: Missing sound for event: minecraft:entity.zombie.infect
[10:10:56] [Client thread/WARN]: Missing sound for event: minecraft:entity.zombie.step
[10:10:56] [Client thread/WARN]: Missing sound for event: minecraft:entity.zombie_horse.ambient
[10:10:56] [Client thread/WARN]: Missing sound for event: minecraft:entity.zombie_horse.death
[10:10:56] [Client thread/WARN]: Missing sound for event: minecraft:entity.zombie_horse.hurt
[10:10:56] [Client thread/WARN]: Missing sound for event: minecraft:entity.zombie_pig.ambient
[10:10:56] [Client thread/WARN]: Missing sound for event: minecraft:entity.zombie_pig.angry
[10:10:56] [Client thread/WARN]: Missing sound for event: minecraft:entity.zombie_pig.death
[10:10:56] [Client thread/WARN]: Missing sound for event: minecraft:entity.zombie_pig.hurt
[10:10:56] [Client thread/WARN]: Missing sound for event: minecraft:entity.zombie_villager.ambient
[10:10:56] [Client thread/WARN]: Missing sound for event: minecraft:entity.zombie_villager.converted
[10:10:56] [Client thread/WARN]: Missing sound for event: minecraft:entity.zombie_villager.cure
[10:10:56] [Client thread/WARN]: Missing sound for event: minecraft:entity.zombie_villager.death
[10:10:56] [Client thread/WARN]: Missing sound for event: minecraft:entity.zombie_villager.hurt
[10:10:56] [Client thread/WARN]: Missing sound for event: minecraft:entity.zombie_villager.step
[10:10:56] [Client thread/WARN]: Missing sound for event: minecraft:item.armor.equip_chain
[10:10:56] [Client thread/WARN]: Missing sound for event: minecraft:item.armor.equip_diamond
[10:10:56] [Client thread/WARN]: Missing sound for event: minecraft:item.armor.equip_generic
[10:10:56] [Client thread/WARN]: Missing sound for event: minecraft:item.armor.equip_gold
[10:10:56] [Client thread/WARN]: Missing sound for event: minecraft:item.armor.equip_iron
[10:10:56] [Client thread/WARN]: Missing sound for event: minecraft:item.armor.equip_leather
[10:10:56] [Client thread/WARN]: Missing sound for event: minecraft:item.bottle.fill
[10:10:56] [Client thread/WARN]: Missing sound for event: minecraft:item.bottle.fill_dragonbreath
[10:10:56] [Client thread/WARN]: Missing sound for event: minecraft:item.bucket.empty
[10:10:56] [Client thread/WARN]: Missing sound for event: minecraft:item.bucket.empty_lava
[10:10:56] [Client thread/WARN]: Missing sound for event: minecraft:item.bucket.fill
[10:10:56] [Client thread/WARN]: Missing sound for event: minecraft:item.bucket.fill_lava
[10:10:56] [Client thread/WARN]: Missing sound for event: minecraft:item.chorus_fruit.teleport
[10:10:56] [Client thread/WARN]: Missing sound for event: minecraft:item.elytra.flying
[10:10:56] [Client thread/WARN]: Missing sound for event: minecraft:item.firecharge.use
[10:10:56] [Client thread/WARN]: Missing sound for event: minecraft:item.flintandsteel.use
[10:10:56] [Client thread/WARN]: Missing sound for event: minecraft:item.hoe.till
[10:10:56] [Client thread/WARN]: Missing sound for event: minecraft:item.shield.block
[10:10:56] [Client thread/WARN]: Missing sound for event: minecraft:item.shield.break
[10:10:56] [Client thread/WARN]: Missing sound for event: minecraft:item.shovel.flatten
[10:10:56] [Client thread/WARN]: Missing sound for event: minecraft:music.creative
[10:10:56] [Client thread/WARN]: Missing sound for event: minecraft:music.credits
[10:10:56] [Client thread/WARN]: Missing sound for event: minecraft:music.dragon
[10:10:56] [Client thread/WARN]: Missing sound for event: minecraft:music.end
[10:10:56] [Client thread/WARN]: Missing sound for event: minecraft:music.nether
[10:10:56] [Client thread/WARN]: Missing sound for event: minecraft:record.11
[10:10:56] [Client thread/WARN]: Missing sound for event: minecraft:record.13
[10:10:56] [Client thread/WARN]: Missing sound for event: minecraft:record.blocks
[10:10:56] [Client thread/WARN]: Missing sound for event: minecraft:record.cat
[10:10:56] [Client thread/WARN]: Missing sound for event: minecraft:record.chirp
[10:10:56] [Client thread/WARN]: Missing sound for event: minecraft:record.far
[10:10:56] [Client thread/WARN]: Missing sound for event: minecraft:record.mall
[10:10:56] [Client thread/WARN]: Missing sound for event: minecraft:record.mellohi
[10:10:56] [Client thread/WARN]: Missing sound for event: minecraft:record.stal
[10:10:56] [Client thread/WARN]: Missing sound for event: minecraft:record.strad
[10:10:56] [Client thread/WARN]: Missing sound for event: minecraft:record.wait
[10:10:56] [Client thread/WARN]: Missing sound for event: minecraft:record.ward
[10:10:56] [Client thread/WARN]: Missing sound for event: minecraft:ui.button.click
[10:10:56] [Client thread/WARN]: Missing sound for event: minecraft:weather.rain
[10:10:56] [Client thread/WARN]: Missing sound for event: minecraft:weather.rain.above
[10:10:56] [Sound Library Loader/INFO]: Starting up SoundSystem...
[10:10:56] [Thread-4/INFO]: Initializing LWJGL OpenAL
[10:10:56] [Thread-4/INFO]: (The LWJGL binding of OpenAL.  For more information, see http://www.lwjgl.org)
[10:10:56] [Thread-4/INFO]: OpenAL initialized.
[10:10:57] [Sound Library Loader/INFO]: Sound engine started
[10:10:58] [Client thread/INFO]: Created: 1024x512 textures-atlas
[10:11:02] [Server thread/INFO]: Starting integrated minecraft server version 1.10
[10:11:02] [Server thread/INFO]: Generating keypair
[10:11:03] [Server thread/INFO]: Preparing start region for level 0
[10:11:04] [Server thread/INFO]: Preparing spawn area: 1%
[10:11:04] [Realms Notification Availability checker #1/INFO]: Could not authorize you against Realms server: Invalid session id
[10:11:05] [Server thread/INFO]: Preparing spawn area: 63%
[10:11:06] [Server thread/INFO]: Changing view distance to 12, from 10
[10:11:07] [Server thread/INFO]: Player245[local:E:7e0940af] logged in with entity id 228 at (556.714767329104, 69.0, 198.751599473249)
[10:11:08] [Server thread/INFO]: Player245 joined the game
[10:11:09] [Server thread/INFO]: Saving and pausing game...
[10:11:09] [Server thread/INFO]: Saving chunks for level 'mcpworld'/Overworld
[10:11:09] [Server thread/INFO]: Saving chunks for level 'mcpworld'/Nether
[10:11:09] [Server thread/INFO]: Saving chunks for level 'mcpworld'/The End
[10:11:20] [Server thread/WARN]: Can't keep up! Did the system time change, or is the server overloaded? Running 3259ms behind, skipping 65 tick(s)
[10:12:02] [Client thread/INFO]: Stopping!
[10:12:02] [Client thread/INFO]: SoundSystem shutting down...
[10:12:02] [Client thread/WARN]: Author: Paul Lamb, www.paulscode.com
[10:12:02] [Server thread/INFO]: Stopping server
[10:12:02] [Server thread/INFO]: Saving players
[10:12:02] [Server thread/INFO]: Saving worlds
[10:12:02] [Server thread/INFO]: Saving chunks for level 'mcpworld'/Overworld
